<?xml version="1.0" encoding="UTF-8"?>
<testsuite name="com.gildedrose.GildedRoseTest" tests="20" skipped="0" failures="0" errors="0" timestamp="2020-10-05T15:22:53" hostname="turing.local.isima.fr" time="0.073">
  <properties/>
  <testcase name="qualityTest()" classname="com.gildedrose.GildedRoseTest" time="0.033"/>
  <testcase name="quantitySup()" classname="com.gildedrose.GildedRoseTest" time="0.001"/>
  <testcase name="sellInTest()" classname="com.gildedrose.GildedRoseTest" time="0.002"/>
  <testcase name="qualityTest1()" classname="com.gildedrose.GildedRoseTest" time="0.0"/>
  <testcase name="qualityTest2()" classname="com.gildedrose.GildedRoseTest" time="0.0"/>
  <testcase name="qualityTest3()" classname="com.gildedrose.GildedRoseTest" time="0.001"/>
  <testcase name="qualityTest4()" classname="com.gildedrose.GildedRoseTest" time="0.001"/>
  <testcase name="qualityTests()" classname="com.gildedrose.GildedRoseTest" time="0.001"/>
  <testcase name="foo()" classname="com.gildedrose.GildedRoseTest" time="0.001"/>
  <testcase name="testSellQuality()" classname="com.gildedrose.GildedRoseTest" time="0.0"/>
  <testcase name="testQuality()" classname="com.gildedrose.GildedRoseTest" time="0.001"/>
  <testcase name="qualityTestNull()" classname="com.gildedrose.GildedRoseTest" time="0.0"/>
  <testcase name="sellQualityInfSup()" classname="com.gildedrose.GildedRoseTest" time="0.0"/>
  <testcase name="testQualityInferieur()" classname="com.gildedrose.GildedRoseTest" time="0.001"/>
  <testcase name="testSellIn()" classname="com.gildedrose.GildedRoseTest" time="0.002"/>
  <testcase name="sellInTest1()" classname="com.gildedrose.GildedRoseTest" time="0.0"/>
  <testcase name="sellInTest2()" classname="com.gildedrose.GildedRoseTest" time="0.006"/>
  <testcase name="sellInTest3()" classname="com.gildedrose.GildedRoseTest" time="0.0"/>
  <testcase name="sellInTestt()" classname="com.gildedrose.GildedRoseTest" time="0.001"/>
  <testcase name="sellInfZero()" classname="com.gildedrose.GildedRoseTest" time="0.0"/>
  <system-out><![CDATA[]]></system-out>
  <system-err><![CDATA[]]></system-err>
</testsuite>
