<?xml version="1.0" encoding="UTF-8"?>
<testsuite name="com.gildedrose.GildedRoseTest" tests="3" skipped="0" failures="0" errors="0" timestamp="2020-09-14T15:06:32" hostname="ada.local.isima.fr" time="0.013">
  <properties/>
  <testcase name="test_sellInferieur()" classname="com.gildedrose.GildedRoseTest" time="0.011"/>
  <testcase name="test_sellIn()" classname="com.gildedrose.GildedRoseTest" time="0.001"/>
  <testcase name="foo()" classname="com.gildedrose.GildedRoseTest" time="0.0"/>
  <system-out><![CDATA[]]></system-out>
  <system-err><![CDATA[]]></system-err>
</testsuite>
