<?xml version="1.0" encoding="UTF-8"?>
<testsuite name="com.gildedrose.GildedRoseTest" tests="6" skipped="0" failures="0" errors="0" timestamp="2020-09-14T15:20:07" hostname="ada.local.isima.fr" time="0.018">
  <properties/>
  <testcase name="test_SellQuality()" classname="com.gildedrose.GildedRoseTest" time="0.014"/>
  <testcase name="test_quality()" classname="com.gildedrose.GildedRoseTest" time="0.001"/>
  <testcase name="test_sellIn()" classname="com.gildedrose.GildedRoseTest" time="0.001"/>
  <testcase name="foo()" classname="com.gildedrose.GildedRoseTest" time="0.001"/>
  <testcase name="sellQuality_InfSup()" classname="com.gildedrose.GildedRoseTest" time="0.001"/>
  <testcase name="test_qualityInferieur()" classname="com.gildedrose.GildedRoseTest" time="0.0"/>
  <system-out><![CDATA[]]></system-out>
  <system-err><![CDATA[]]></system-err>
</testsuite>
